2019-06-28 22:03:40 [DEBUG] [PID-26672] database.go MakeTables:44 create database tables 
2019-06-28 22:03:40 [DEBUG] [PID-26672] main.go main:39 WikiServer-0.0.1 
2019-06-28 22:03:40 [DEBUG] [PID-26672] debug.go main:44 GOOS: linux 
2019-06-28 22:03:40 [DEBUG] [PID-26672] main.go main:41 CPUS: 4 
2019-06-28 22:03:40 [DEBUG] [PID-26672] main.go main:42 PID: 26672 
2019-06-28 22:03:40 [DEBUG] [PID-26672] main.go main:43 Go Version: go1.11.1 
2019-06-28 22:03:40 [DEBUG] [PID-26672] main.go main:44 Go Arch: amd64 
2019-06-28 22:03:40 [DEBUG] [PID-26672] main.go main:45 Go Compiler: gc 
2019-06-28 22:03:40 [DEBUG] [PID-26672] main.go main:47 NumGoroutine: 6 
2019-06-28 22:24:42 [DEBUG] [PID-3019] database.go MakeTables:44 create database tables 
2019-06-28 22:24:42 [DEBUG] [PID-3019] main.go main:39 WikiServer-0.0.1 
2019-06-28 22:24:42 [DEBUG] [PID-3019] debug.go main:44 GOOS: linux 
2019-06-28 22:24:42 [DEBUG] [PID-3019] main.go main:41 CPUS: 4 
2019-06-28 22:24:42 [DEBUG] [PID-3019] main.go main:42 PID: 3019 
2019-06-28 22:24:42 [DEBUG] [PID-3019] main.go main:43 Go Version: go1.11.1 
2019-06-28 22:24:42 [DEBUG] [PID-3019] main.go main:44 Go Arch: amd64 
2019-06-28 22:24:42 [DEBUG] [PID-3019] main.go main:45 Go Compiler: gc 
2019-06-28 22:24:42 [DEBUG] [PID-3019] main.go main:47 NumGoroutine: 6 
2019-06-28 22:24:51 [INFO] [PID-3019] handlers.go loadPage:51 # Test
OMG 1234
 
2019-06-28 22:24:51 [INFO] [PID-3019] handlers.go loadPage:51 # Test
OMG 1234
 
2019-06-28 22:24:51 [INFO] [PID-3019] handlers.go loadPage:51 # Test
OMG 1234
 
2019-06-28 22:24:52 [INFO] [PID-3019] handlers.go loadPage:51 # Test
OMG 1234
 
2019-06-28 22:24:52 [INFO] [PID-3019] handlers.go loadPage:51 # Test
OMG 1234
 
2019-06-28 22:24:57 [INFO] [PID-3019] handlers.go loadPage:51 # Test
OMG 1234
 
2019-06-28 22:24:57 [INFO] [PID-3019] handlers.go loadPage:51 # Test
OMG 1234
 
2019-06-28 22:24:57 [INFO] [PID-3019] handlers.go loadPage:51 # Test
OMG 1234
 
2019-06-28 22:25:27 [INFO] [PID-3019] handlers.go loadPage:51 # Test
OMG 1234
 
2019-06-28 22:26:27 [INFO] [PID-3019] handlers.go loadPage:51 # Test
OMG 1234
 
2019-06-28 22:27:42 [DEBUG] [PID-3642] database.go MakeTables:44 create database tables 
2019-06-28 22:27:42 [DEBUG] [PID-3642] main.go main:39 WikiServer-0.0.1 
2019-06-28 22:27:42 [DEBUG] [PID-3642] debug.go main:44 GOOS: linux 
2019-06-28 22:27:42 [DEBUG] [PID-3642] main.go main:41 CPUS: 4 
2019-06-28 22:27:42 [DEBUG] [PID-3642] main.go main:42 PID: 3642 
2019-06-28 22:27:42 [DEBUG] [PID-3642] main.go main:43 Go Version: go1.11.1 
2019-06-28 22:27:42 [DEBUG] [PID-3642] main.go main:44 Go Arch: amd64 
2019-06-28 22:27:42 [DEBUG] [PID-3642] main.go main:45 Go Compiler: gc 
2019-06-28 22:27:42 [DEBUG] [PID-3642] main.go main:47 NumGoroutine: 6 
2019-06-28 22:27:45 [INFO] [PID-3642] handlers.go loadPage:51 # Test 
2019-06-28 22:28:52 [DEBUG] [PID-4211] database.go MakeTables:45 create database tables 
2019-06-28 22:28:52 [DEBUG] [PID-4211] main.go main:39 WikiServer-0.0.1 
2019-06-28 22:28:52 [DEBUG] [PID-4211] debug.go main:44 GOOS: linux 
2019-06-28 22:28:52 [DEBUG] [PID-4211] main.go main:41 CPUS: 4 
2019-06-28 22:28:52 [DEBUG] [PID-4211] main.go main:42 PID: 4211 
2019-06-28 22:28:52 [DEBUG] [PID-4211] main.go main:43 Go Version: go1.11.1 
2019-06-28 22:28:52 [DEBUG] [PID-4211] main.go main:44 Go Arch: amd64 
2019-06-28 22:28:52 [DEBUG] [PID-4211] main.go main:45 Go Compiler: gc 
2019-06-28 22:28:52 [DEBUG] [PID-4211] main.go main:47 NumGoroutine: 6 
2019-06-28 22:28:54 [INFO] [PID-4211] handlers.go loadPage:51  
2019-06-28 22:30:03 [DEBUG] [PID-4477] database.go MakeTables:45 create database tables 
2019-06-28 22:30:03 [DEBUG] [PID-4477] main.go main:39 WikiServer-0.0.1 
2019-06-28 22:30:03 [DEBUG] [PID-4477] debug.go main:44 GOOS: linux 
2019-06-28 22:30:03 [DEBUG] [PID-4477] main.go main:41 CPUS: 4 
2019-06-28 22:30:03 [DEBUG] [PID-4477] main.go main:42 PID: 4477 
2019-06-28 22:30:03 [DEBUG] [PID-4477] main.go main:43 Go Version: go1.11.1 
2019-06-28 22:30:03 [DEBUG] [PID-4477] main.go main:44 Go Arch: amd64 
2019-06-28 22:30:03 [DEBUG] [PID-4477] main.go main:45 Go Compiler: gc 
2019-06-28 22:30:03 [DEBUG] [PID-4477] main.go main:47 NumGoroutine: 6 
2019-06-28 22:30:06 [INFO] [PID-4477] handlers.go loadPage:51  
2019-06-28 22:30:08 [INFO] [PID-4477] handlers.go loadPage:51  
2019-06-28 22:30:08 [INFO] [PID-4477] handlers.go loadPage:51  
2019-06-28 22:30:08 [INFO] [PID-4477] handlers.go loadPage:51  
2019-06-28 22:31:57 [DEBUG] [PID-5214] database.go MakeTables:45 create database tables 
2019-06-28 22:31:57 [DEBUG] [PID-5214] main.go main:39 WikiServer-0.0.1 
2019-06-28 22:31:57 [DEBUG] [PID-5214] debug.go main:44 GOOS: linux 
2019-06-28 22:31:57 [DEBUG] [PID-5214] main.go main:41 CPUS: 4 
2019-06-28 22:31:57 [DEBUG] [PID-5214] main.go main:42 PID: 5214 
2019-06-28 22:31:57 [DEBUG] [PID-5214] main.go main:43 Go Version: go1.11.1 
2019-06-28 22:31:57 [DEBUG] [PID-5214] main.go main:44 Go Arch: amd64 
2019-06-28 22:31:57 [DEBUG] [PID-5214] main.go main:45 Go Compiler: gc 
2019-06-28 22:31:57 [DEBUG] [PID-5214] main.go main:47 NumGoroutine: 6 
2019-06-28 22:32:00 [INFO] [PID-5214] handlers.go loadPage:57  
2019-06-28 22:32:09 [INFO] [PID-5214] handlers.go loadPage:57  
2019-06-28 22:37:24 [DEBUG] [PID-9470] database.go MakeTables:45 create database tables 
2019-06-28 22:37:24 [DEBUG] [PID-9470] main.go main:39 WikiServer-0.0.1 
2019-06-28 22:37:24 [DEBUG] [PID-9470] debug.go main:44 GOOS: linux 
2019-06-28 22:37:24 [DEBUG] [PID-9470] main.go main:41 CPUS: 4 
2019-06-28 22:37:24 [DEBUG] [PID-9470] main.go main:42 PID: 9470 
2019-06-28 22:37:24 [DEBUG] [PID-9470] main.go main:43 Go Version: go1.11.1 
2019-06-28 22:37:24 [DEBUG] [PID-9470] main.go main:44 Go Arch: amd64 
2019-06-28 22:37:24 [DEBUG] [PID-9470] main.go main:45 Go Compiler: gc 
2019-06-28 22:37:24 [DEBUG] [PID-9470] main.go main:47 NumGoroutine: 6 
2019-06-28 22:37:28 [INFO] [PID-9470] handlers.go loadPage:57  
2019-06-28 22:38:11 [DEBUG] [PID-9860] database.go MakeTables:45 create database tables 
2019-06-28 22:38:11 [DEBUG] [PID-9860] main.go main:39 WikiServer-0.0.1 
2019-06-28 22:38:11 [DEBUG] [PID-9860] debug.go main:44 GOOS: linux 
2019-06-28 22:38:11 [DEBUG] [PID-9860] main.go main:41 CPUS: 4 
2019-06-28 22:38:11 [DEBUG] [PID-9860] main.go main:42 PID: 9860 
2019-06-28 22:38:11 [DEBUG] [PID-9860] main.go main:43 Go Version: go1.11.1 
2019-06-28 22:38:11 [DEBUG] [PID-9860] main.go main:44 Go Arch: amd64 
2019-06-28 22:38:11 [DEBUG] [PID-9860] main.go main:45 Go Compiler: gc 
2019-06-28 22:38:11 [DEBUG] [PID-9860] main.go main:47 NumGoroutine: 6 
2019-06-28 22:38:13 [INFO] [PID-9860] handlers.go loadPage:57 test 
2019-06-28 22:41:17 [DEBUG] [PID-11725] main.go main:39 WikiServer-0.0.1 
2019-06-28 22:41:17 [DEBUG] [PID-11725] debug.go main:44 GOOS: linux 
2019-06-28 22:41:17 [DEBUG] [PID-11725] main.go main:41 CPUS: 4 
2019-06-28 22:41:17 [DEBUG] [PID-11725] main.go main:42 PID: 11725 
2019-06-28 22:41:17 [DEBUG] [PID-11725] main.go main:43 Go Version: go1.11.1 
2019-06-28 22:41:17 [DEBUG] [PID-11725] main.go main:44 Go Arch: amd64 
2019-06-28 22:41:17 [DEBUG] [PID-11725] main.go main:45 Go Compiler: gc 
2019-06-28 22:41:17 [DEBUG] [PID-11725] main.go main:47 NumGoroutine: 7 
2019-06-28 22:42:35 [INFO] [PID-11725] handlers.go loadPage:57 test 
2019-06-28 22:42:35 [INFO] [PID-11725] handlers.go loadPage:57 test 
2019-06-28 22:42:36 [INFO] [PID-11725] handlers.go loadPage:57 test 
2019-06-28 22:43:24 [ERROR] [PID-11725] handlers.go ViewHandler:75 UNIQUE constraint failed: pages.path 
2019-06-28 22:43:56 [INFO] [PID-11725] handlers.go loadPage:57  
2019-06-28 22:44:07 [INFO] [PID-11725] handlers.go loadPage:57  
2019-06-28 22:44:45 [DEBUG] [PID-13578] main.go main:39 WikiServer-0.0.1 
2019-06-28 22:44:45 [DEBUG] [PID-13578] debug.go main:44 GOOS: linux 
2019-06-28 22:44:45 [DEBUG] [PID-13578] main.go main:41 CPUS: 4 
2019-06-28 22:44:45 [DEBUG] [PID-13578] main.go main:42 PID: 13578 
2019-06-28 22:44:45 [DEBUG] [PID-13578] main.go main:43 Go Version: go1.11.1 
2019-06-28 22:44:45 [DEBUG] [PID-13578] main.go main:44 Go Arch: amd64 
2019-06-28 22:44:45 [DEBUG] [PID-13578] main.go main:45 Go Compiler: gc 
2019-06-28 22:44:45 [DEBUG] [PID-13578] main.go main:47 NumGoroutine: 7 
2019-06-28 22:44:49 [INFO] [PID-13578] handlers.go loadPage:53 test 
2019-06-28 22:44:51 [INFO] [PID-13578] handlers.go loadPage:53 test 
2019-06-28 22:44:54 [ERROR] [PID-13578] handlers.go ViewHandler:69 UNIQUE constraint failed: pages.path 
2019-06-28 22:45:00 [INFO] [PID-13578] handlers.go loadPage:53 test 
2019-06-28 22:45:01 [INFO] [PID-13578] handlers.go loadPage:53 test 
2019-06-28 22:45:05 [ERROR] [PID-13578] handlers.go ViewHandler:69 UNIQUE constraint failed: pages.path 
2019-06-28 22:45:07 [INFO] [PID-13578] handlers.go loadPage:53 test 
2019-06-28 22:55:42 [DEBUG] [PID-15073] main.go main:39 WikiServer-0.0.1 
2019-06-28 22:55:42 [DEBUG] [PID-15073] debug.go main:44 GOOS: linux 
2019-06-28 22:55:42 [DEBUG] [PID-15073] main.go main:41 CPUS: 4 
2019-06-28 22:55:42 [DEBUG] [PID-15073] main.go main:42 PID: 15073 
2019-06-28 22:55:42 [DEBUG] [PID-15073] main.go main:43 Go Version: go1.11.1 
2019-06-28 22:55:42 [DEBUG] [PID-15073] main.go main:44 Go Arch: amd64 
2019-06-28 22:55:42 [DEBUG] [PID-15073] main.go main:45 Go Compiler: gc 
2019-06-28 22:55:42 [DEBUG] [PID-15073] main.go main:47 NumGoroutine: 8 
2019-06-28 22:55:46 [INFO] [PID-15073] handlers.go loadPage:53  
2019-06-28 22:57:33 [INFO] [PID-15073] handlers.go loadPage:53  
2019-06-28 22:57:34 [INFO] [PID-15073] handlers.go loadPage:53  
2019-06-29 11:31:26 [DEBUG] [PID-29926] main.go main:39 WikiServer-0.0.1 
2019-06-29 11:31:26 [DEBUG] [PID-29926] debug.go main:44 GOOS: linux 
2019-06-29 11:31:26 [DEBUG] [PID-29926] main.go main:41 CPUS: 4 
2019-06-29 11:31:26 [DEBUG] [PID-29926] main.go main:42 PID: 29926 
2019-06-29 11:31:26 [DEBUG] [PID-29926] main.go main:43 Go Version: go1.11.1 
2019-06-29 11:31:26 [DEBUG] [PID-29926] main.go main:44 Go Arch: amd64 
2019-06-29 11:31:26 [DEBUG] [PID-29926] main.go main:45 Go Compiler: gc 
2019-06-29 11:31:26 [DEBUG] [PID-29926] main.go main:47 NumGoroutine: 8 
2019-06-29 11:36:51 [DEBUG] [PID-31669] main.go main:39 WikiServer-0.0.1 
2019-06-29 11:36:51 [DEBUG] [PID-31669] debug.go main:44 GOOS: linux 
2019-06-29 11:36:51 [DEBUG] [PID-31669] main.go main:41 CPUS: 4 
2019-06-29 11:36:51 [DEBUG] [PID-31669] main.go main:42 PID: 31669 
2019-06-29 11:36:51 [DEBUG] [PID-31669] main.go main:43 Go Version: go1.11.1 
2019-06-29 11:36:51 [DEBUG] [PID-31669] main.go main:44 Go Arch: amd64 
2019-06-29 11:36:51 [DEBUG] [PID-31669] main.go main:45 Go Compiler: gc 
2019-06-29 11:36:51 [DEBUG] [PID-31669] main.go main:47 NumGoroutine: 7 
2019-06-29 11:38:46 [DEBUG] [PID-32372] main.go main:39 WikiServer-0.0.1 
2019-06-29 11:38:46 [DEBUG] [PID-32372] debug.go main:44 GOOS: linux 
2019-06-29 11:38:46 [DEBUG] [PID-32372] main.go main:41 CPUS: 4 
2019-06-29 11:38:46 [DEBUG] [PID-32372] main.go main:42 PID: 32372 
2019-06-29 11:38:46 [DEBUG] [PID-32372] main.go main:43 Go Version: go1.11.1 
2019-06-29 11:38:46 [DEBUG] [PID-32372] main.go main:44 Go Arch: amd64 
2019-06-29 11:38:46 [DEBUG] [PID-32372] main.go main:45 Go Compiler: gc 
2019-06-29 11:38:46 [DEBUG] [PID-32372] main.go main:47 NumGoroutine: 8 
2019-06-29 11:41:09 [DEBUG] [PID-1393] main.go main:39 WikiServer-0.0.1 
2019-06-29 11:41:09 [DEBUG] [PID-1393] debug.go main:44 GOOS: linux 
2019-06-29 11:41:09 [DEBUG] [PID-1393] main.go main:41 CPUS: 4 
2019-06-29 11:41:09 [DEBUG] [PID-1393] main.go main:42 PID: 1393 
2019-06-29 11:41:09 [DEBUG] [PID-1393] main.go main:43 Go Version: go1.11.1 
2019-06-29 11:41:09 [DEBUG] [PID-1393] main.go main:44 Go Arch: amd64 
2019-06-29 11:41:09 [DEBUG] [PID-1393] main.go main:45 Go Compiler: gc 
2019-06-29 11:41:09 [DEBUG] [PID-1393] main.go main:47 NumGoroutine: 8 
2019-06-29 11:42:25 [DEBUG] [PID-2509] main.go main:39 WikiServer-0.0.1 
2019-06-29 11:42:25 [DEBUG] [PID-2509] debug.go main:44 GOOS: linux 
2019-06-29 11:42:25 [DEBUG] [PID-2509] main.go main:41 CPUS: 4 
2019-06-29 11:42:25 [DEBUG] [PID-2509] main.go main:42 PID: 2509 
2019-06-29 11:42:25 [DEBUG] [PID-2509] main.go main:43 Go Version: go1.11.1 
2019-06-29 11:42:25 [DEBUG] [PID-2509] main.go main:44 Go Arch: amd64 
2019-06-29 11:42:25 [DEBUG] [PID-2509] main.go main:45 Go Compiler: gc 
2019-06-29 11:42:25 [DEBUG] [PID-2509] main.go main:47 NumGoroutine: 8 
2019-06-29 11:42:42 [ERROR] [PID-2509] handlers.go ViewHandler:62 UNIQUE constraint failed: pages.path 
2019-06-29 11:44:48 [DEBUG] [PID-4467] main.go main:39 WikiServer-0.0.1 
2019-06-29 11:44:48 [DEBUG] [PID-4467] debug.go main:44 GOOS: linux 
2019-06-29 11:44:48 [DEBUG] [PID-4467] main.go main:41 CPUS: 4 
2019-06-29 11:44:48 [DEBUG] [PID-4467] main.go main:42 PID: 4467 
2019-06-29 11:44:48 [DEBUG] [PID-4467] main.go main:43 Go Version: go1.11.1 
2019-06-29 11:44:48 [DEBUG] [PID-4467] main.go main:44 Go Arch: amd64 
2019-06-29 11:44:48 [DEBUG] [PID-4467] main.go main:45 Go Compiler: gc 
2019-06-29 11:44:48 [DEBUG] [PID-4467] main.go main:47 NumGoroutine: 8 
2019-06-29 11:44:52 [ERROR] [PID-4467] handlers.go ViewHandler:62 no such column: timestamp 
2019-06-29 11:45:50 [DEBUG] [PID-5065] main.go main:39 WikiServer-0.0.1 
2019-06-29 11:45:50 [DEBUG] [PID-5065] debug.go main:44 GOOS: linux 
2019-06-29 11:45:50 [DEBUG] [PID-5065] main.go main:41 CPUS: 4 
2019-06-29 11:45:50 [DEBUG] [PID-5065] main.go main:42 PID: 5065 
2019-06-29 11:45:50 [DEBUG] [PID-5065] main.go main:43 Go Version: go1.11.1 
2019-06-29 11:45:50 [DEBUG] [PID-5065] main.go main:44 Go Arch: amd64 
2019-06-29 11:45:50 [DEBUG] [PID-5065] main.go main:45 Go Compiler: gc 
2019-06-29 11:45:50 [DEBUG] [PID-5065] main.go main:47 NumGoroutine: 8 
2019-06-29 11:55:49 [DEBUG] [PID-7478] main.go main:39 WikiServer-0.0.1 
2019-06-29 11:55:49 [DEBUG] [PID-7478] debug.go main:44 GOOS: linux 
2019-06-29 11:55:49 [DEBUG] [PID-7478] main.go main:41 CPUS: 4 
2019-06-29 11:55:49 [DEBUG] [PID-7478] main.go main:42 PID: 7478 
2019-06-29 11:55:49 [DEBUG] [PID-7478] main.go main:43 Go Version: go1.11.1 
2019-06-29 11:55:49 [DEBUG] [PID-7478] main.go main:44 Go Arch: amd64 
2019-06-29 11:55:49 [DEBUG] [PID-7478] main.go main:45 Go Compiler: gc 
2019-06-29 11:55:49 [DEBUG] [PID-7478] main.go main:47 NumGoroutine: 7 
2019-06-29 12:01:12 [DEBUG] [PID-9417] main.go main:39 WikiServer-0.0.1 
2019-06-29 12:01:12 [DEBUG] [PID-9417] debug.go main:44 GOOS: linux 
2019-06-29 12:01:12 [DEBUG] [PID-9417] main.go main:41 CPUS: 4 
2019-06-29 12:01:12 [DEBUG] [PID-9417] main.go main:42 PID: 9417 
2019-06-29 12:01:12 [DEBUG] [PID-9417] main.go main:43 Go Version: go1.11.1 
2019-06-29 12:01:12 [DEBUG] [PID-9417] main.go main:44 Go Arch: amd64 
2019-06-29 12:01:12 [DEBUG] [PID-9417] main.go main:45 Go Compiler: gc 
2019-06-29 12:01:12 [DEBUG] [PID-9417] main.go main:47 NumGoroutine: 8 
2019-06-29 12:01:53 [DEBUG] [PID-9877] main.go main:39 WikiServer-0.0.1 
2019-06-29 12:01:53 [DEBUG] [PID-9877] debug.go main:44 GOOS: linux 
2019-06-29 12:01:53 [DEBUG] [PID-9877] main.go main:41 CPUS: 4 
2019-06-29 12:01:53 [DEBUG] [PID-9877] main.go main:42 PID: 9877 
2019-06-29 12:01:53 [DEBUG] [PID-9877] main.go main:43 Go Version: go1.11.1 
2019-06-29 12:01:53 [DEBUG] [PID-9877] main.go main:44 Go Arch: amd64 
2019-06-29 12:01:53 [DEBUG] [PID-9877] main.go main:45 Go Compiler: gc 
2019-06-29 12:01:53 [DEBUG] [PID-9877] main.go main:47 NumGoroutine: 8 
2019-06-29 12:03:15 [DEBUG] [PID-10315] main.go main:39 WikiServer-0.0.1 
2019-06-29 12:03:15 [DEBUG] [PID-10315] debug.go main:44 GOOS: linux 
2019-06-29 12:03:15 [DEBUG] [PID-10315] main.go main:41 CPUS: 4 
2019-06-29 12:03:15 [DEBUG] [PID-10315] main.go main:42 PID: 10315 
2019-06-29 12:03:15 [DEBUG] [PID-10315] main.go main:43 Go Version: go1.11.1 
2019-06-29 12:03:15 [DEBUG] [PID-10315] main.go main:44 Go Arch: amd64 
2019-06-29 12:03:15 [DEBUG] [PID-10315] main.go main:45 Go Compiler: gc 
2019-06-29 12:03:15 [DEBUG] [PID-10315] main.go main:47 NumGoroutine: 8 
2019-06-29 12:03:40 [DEBUG] [PID-10695] main.go main:39 WikiServer-0.0.1 
2019-06-29 12:03:40 [DEBUG] [PID-10695] debug.go main:44 GOOS: linux 
2019-06-29 12:03:40 [DEBUG] [PID-10695] main.go main:41 CPUS: 4 
2019-06-29 12:03:40 [DEBUG] [PID-10695] main.go main:42 PID: 10695 
2019-06-29 12:03:40 [DEBUG] [PID-10695] main.go main:43 Go Version: go1.11.1 
2019-06-29 12:03:40 [DEBUG] [PID-10695] main.go main:44 Go Arch: amd64 
2019-06-29 12:03:40 [DEBUG] [PID-10695] main.go main:45 Go Compiler: gc 
2019-06-29 12:03:40 [DEBUG] [PID-10695] main.go main:47 NumGoroutine: 8 
2019-06-29 12:07:40 [DEBUG] [PID-12541] main.go main:39 WikiServer-0.0.1 
2019-06-29 12:07:40 [DEBUG] [PID-12541] debug.go main:44 GOOS: linux 
2019-06-29 12:07:40 [DEBUG] [PID-12541] main.go main:41 CPUS: 4 
2019-06-29 12:07:40 [DEBUG] [PID-12541] main.go main:42 PID: 12541 
2019-06-29 12:07:40 [DEBUG] [PID-12541] main.go main:43 Go Version: go1.11.1 
2019-06-29 12:07:40 [DEBUG] [PID-12541] main.go main:44 Go Arch: amd64 
2019-06-29 12:07:40 [DEBUG] [PID-12541] main.go main:45 Go Compiler: gc 
2019-06-29 12:07:40 [DEBUG] [PID-12541] main.go main:47 NumGoroutine: 8 
2019-06-29 12:09:01 [DEBUG] [PID-13341] main.go main:39 WikiServer-0.0.1 
2019-06-29 12:09:01 [DEBUG] [PID-13341] debug.go main:44 GOOS: linux 
2019-06-29 12:09:01 [DEBUG] [PID-13341] main.go main:41 CPUS: 4 
2019-06-29 12:09:01 [DEBUG] [PID-13341] main.go main:42 PID: 13341 
2019-06-29 12:09:01 [DEBUG] [PID-13341] main.go main:43 Go Version: go1.11.1 
2019-06-29 12:09:01 [DEBUG] [PID-13341] main.go main:44 Go Arch: amd64 
2019-06-29 12:09:01 [DEBUG] [PID-13341] main.go main:45 Go Compiler: gc 
2019-06-29 12:09:01 [DEBUG] [PID-13341] main.go main:47 NumGoroutine: 7 
2019-06-29 12:09:33 [DEBUG] [PID-13814] main.go main:39 WikiServer-0.0.1 
2019-06-29 12:09:33 [DEBUG] [PID-13814] debug.go main:44 GOOS: linux 
2019-06-29 12:09:33 [DEBUG] [PID-13814] main.go main:41 CPUS: 4 
2019-06-29 12:09:33 [DEBUG] [PID-13814] main.go main:42 PID: 13814 
2019-06-29 12:09:33 [DEBUG] [PID-13814] main.go main:43 Go Version: go1.11.1 
2019-06-29 12:09:33 [DEBUG] [PID-13814] main.go main:44 Go Arch: amd64 
2019-06-29 12:09:33 [DEBUG] [PID-13814] main.go main:45 Go Compiler: gc 
2019-06-29 12:09:33 [DEBUG] [PID-13814] main.go main:47 NumGoroutine: 7 
2019-06-29 12:09:42 [DEBUG] [PID-13934] main.go main:39 WikiServer-0.0.1 
2019-06-29 12:09:42 [DEBUG] [PID-13934] debug.go main:44 GOOS: linux 
2019-06-29 12:09:42 [DEBUG] [PID-13934] main.go main:41 CPUS: 4 
2019-06-29 12:09:42 [DEBUG] [PID-13934] main.go main:42 PID: 13934 
2019-06-29 12:09:42 [DEBUG] [PID-13934] main.go main:43 Go Version: go1.11.1 
2019-06-29 12:09:42 [DEBUG] [PID-13934] main.go main:44 Go Arch: amd64 
2019-06-29 12:09:42 [DEBUG] [PID-13934] main.go main:45 Go Compiler: gc 
2019-06-29 12:09:42 [DEBUG] [PID-13934] main.go main:47 NumGoroutine: 8 
2019-06-29 12:11:59 [DEBUG] [PID-15342] main.go main:39 WikiServer-0.0.1 
2019-06-29 12:11:59 [DEBUG] [PID-15342] debug.go main:44 GOOS: linux 
2019-06-29 12:11:59 [DEBUG] [PID-15342] main.go main:41 CPUS: 4 
2019-06-29 12:11:59 [DEBUG] [PID-15342] main.go main:42 PID: 15342 
2019-06-29 12:11:59 [DEBUG] [PID-15342] main.go main:43 Go Version: go1.11.1 
2019-06-29 12:11:59 [DEBUG] [PID-15342] main.go main:44 Go Arch: amd64 
2019-06-29 12:11:59 [DEBUG] [PID-15342] main.go main:45 Go Compiler: gc 
2019-06-29 12:11:59 [DEBUG] [PID-15342] main.go main:47 NumGoroutine: 7 
2019-06-29 12:12:41 [DEBUG] [PID-15839] main.go main:39 WikiServer-0.0.1 
2019-06-29 12:12:41 [DEBUG] [PID-15839] debug.go main:44 GOOS: linux 
2019-06-29 12:12:41 [DEBUG] [PID-15839] main.go main:41 CPUS: 4 
2019-06-29 12:12:41 [DEBUG] [PID-15839] main.go main:42 PID: 15839 
2019-06-29 12:12:41 [DEBUG] [PID-15839] main.go main:43 Go Version: go1.11.1 
2019-06-29 12:12:41 [DEBUG] [PID-15839] main.go main:44 Go Arch: amd64 
2019-06-29 12:12:41 [DEBUG] [PID-15839] main.go main:45 Go Compiler: gc 
2019-06-29 12:12:41 [DEBUG] [PID-15839] main.go main:47 NumGoroutine: 8 
2019-06-29 12:13:22 [DEBUG] [PID-16428] main.go main:39 WikiServer-0.0.1 
2019-06-29 12:13:22 [DEBUG] [PID-16428] debug.go main:44 GOOS: linux 
2019-06-29 12:13:22 [DEBUG] [PID-16428] main.go main:41 CPUS: 4 
2019-06-29 12:13:22 [DEBUG] [PID-16428] main.go main:42 PID: 16428 
2019-06-29 12:13:22 [DEBUG] [PID-16428] main.go main:43 Go Version: go1.11.1 
2019-06-29 12:13:22 [DEBUG] [PID-16428] main.go main:44 Go Arch: amd64 
2019-06-29 12:13:22 [DEBUG] [PID-16428] main.go main:45 Go Compiler: gc 
2019-06-29 12:13:22 [DEBUG] [PID-16428] main.go main:47 NumGoroutine: 7 
2019-06-29 12:13:56 [DEBUG] [PID-16864] main.go main:39 WikiServer-0.0.1 
2019-06-29 12:13:56 [DEBUG] [PID-16864] debug.go main:44 GOOS: linux 
2019-06-29 12:13:56 [DEBUG] [PID-16864] main.go main:41 CPUS: 4 
2019-06-29 12:13:56 [DEBUG] [PID-16864] main.go main:42 PID: 16864 
2019-06-29 12:13:56 [DEBUG] [PID-16864] main.go main:43 Go Version: go1.11.1 
2019-06-29 12:13:56 [DEBUG] [PID-16864] main.go main:44 Go Arch: amd64 
2019-06-29 12:13:56 [DEBUG] [PID-16864] main.go main:45 Go Compiler: gc 
2019-06-29 12:13:56 [DEBUG] [PID-16864] main.go main:47 NumGoroutine: 7 
2019-06-29 12:14:44 [DEBUG] [PID-17183] main.go main:39 WikiServer-0.0.1 
2019-06-29 12:14:44 [DEBUG] [PID-17183] debug.go main:44 GOOS: linux 
2019-06-29 12:14:44 [DEBUG] [PID-17183] main.go main:41 CPUS: 4 
2019-06-29 12:14:44 [DEBUG] [PID-17183] main.go main:42 PID: 17183 
2019-06-29 12:14:44 [DEBUG] [PID-17183] main.go main:43 Go Version: go1.11.1 
2019-06-29 12:14:44 [DEBUG] [PID-17183] main.go main:44 Go Arch: amd64 
2019-06-29 12:14:44 [DEBUG] [PID-17183] main.go main:45 Go Compiler: gc 
2019-06-29 12:14:44 [DEBUG] [PID-17183] main.go main:47 NumGoroutine: 7 
2019-06-29 12:15:48 [DEBUG] [PID-17655] main.go main:39 WikiServer-0.0.1 
2019-06-29 12:15:48 [DEBUG] [PID-17655] debug.go main:44 GOOS: linux 
2019-06-29 12:15:48 [DEBUG] [PID-17655] main.go main:41 CPUS: 4 
2019-06-29 12:15:48 [DEBUG] [PID-17655] main.go main:42 PID: 17655 
2019-06-29 12:15:48 [DEBUG] [PID-17655] main.go main:43 Go Version: go1.11.1 
2019-06-29 12:15:48 [DEBUG] [PID-17655] main.go main:44 Go Arch: amd64 
2019-06-29 12:15:48 [DEBUG] [PID-17655] main.go main:45 Go Compiler: gc 
2019-06-29 12:15:48 [DEBUG] [PID-17655] main.go main:47 NumGoroutine: 8 
2019-06-29 12:30:21 [DEBUG] [PID-25399] main.go main:39 WikiServer-0.0.1 
2019-06-29 12:30:21 [DEBUG] [PID-25399] debug.go main:44 GOOS: linux 
2019-06-29 12:30:21 [DEBUG] [PID-25399] main.go main:41 CPUS: 4 
2019-06-29 12:30:21 [DEBUG] [PID-25399] main.go main:42 PID: 25399 
2019-06-29 12:30:21 [DEBUG] [PID-25399] main.go main:43 Go Version: go1.11.1 
2019-06-29 12:30:21 [DEBUG] [PID-25399] main.go main:44 Go Arch: amd64 
2019-06-29 12:30:21 [DEBUG] [PID-25399] main.go main:45 Go Compiler: gc 
2019-06-29 12:30:21 [DEBUG] [PID-25399] main.go main:47 NumGoroutine: 7 
2019-06-29 12:51:07 [DEBUG] [PID-3148] main.go main:39 WikiServer-0.0.1 
2019-06-29 12:51:07 [DEBUG] [PID-3148] debug.go main:44 GOOS: linux 
2019-06-29 12:51:07 [DEBUG] [PID-3148] main.go main:41 CPUS: 4 
2019-06-29 12:51:07 [DEBUG] [PID-3148] main.go main:42 PID: 3148 
2019-06-29 12:51:07 [DEBUG] [PID-3148] main.go main:43 Go Version: go1.11.1 
2019-06-29 12:51:07 [DEBUG] [PID-3148] main.go main:44 Go Arch: amd64 
2019-06-29 12:51:07 [DEBUG] [PID-3148] main.go main:45 Go Compiler: gc 
2019-06-29 12:51:07 [DEBUG] [PID-3148] main.go main:47 NumGoroutine: 9 
2019-06-29 12:51:19 [ERROR] [PID-3148] handlers.go EditPageHandler:124 no such column: type 
2019-06-29 12:53:36 [DEBUG] [PID-3894] main.go main:39 WikiServer-0.0.1 
2019-06-29 12:53:36 [DEBUG] [PID-3894] debug.go main:44 GOOS: linux 
2019-06-29 12:53:36 [DEBUG] [PID-3894] main.go main:41 CPUS: 4 
2019-06-29 12:53:36 [DEBUG] [PID-3894] main.go main:42 PID: 3894 
2019-06-29 12:53:36 [DEBUG] [PID-3894] main.go main:43 Go Version: go1.11.1 
2019-06-29 12:53:36 [DEBUG] [PID-3894] main.go main:44 Go Arch: amd64 
2019-06-29 12:53:36 [DEBUG] [PID-3894] main.go main:45 Go Compiler: gc 
2019-06-29 12:53:36 [DEBUG] [PID-3894] main.go main:47 NumGoroutine: 8 
2019-06-29 12:54:06 [DEBUG] [PID-4214] main.go main:39 WikiServer-0.0.1 
2019-06-29 12:54:06 [DEBUG] [PID-4214] debug.go main:44 GOOS: linux 
2019-06-29 12:54:06 [DEBUG] [PID-4214] main.go main:41 CPUS: 4 
2019-06-29 12:54:06 [DEBUG] [PID-4214] main.go main:42 PID: 4214 
2019-06-29 12:54:06 [DEBUG] [PID-4214] main.go main:43 Go Version: go1.11.1 
2019-06-29 12:54:06 [DEBUG] [PID-4214] main.go main:44 Go Arch: amd64 
2019-06-29 12:54:06 [DEBUG] [PID-4214] main.go main:45 Go Compiler: gc 
2019-06-29 12:54:06 [DEBUG] [PID-4214] main.go main:47 NumGoroutine: 8 
2019-06-29 12:55:21 [DEBUG] [PID-4441] main.go main:39 WikiServer-0.0.1 
2019-06-29 12:55:21 [DEBUG] [PID-4441] debug.go main:44 GOOS: linux 
2019-06-29 12:55:21 [DEBUG] [PID-4441] main.go main:41 CPUS: 4 
2019-06-29 12:55:21 [DEBUG] [PID-4441] main.go main:42 PID: 4441 
2019-06-29 12:55:21 [DEBUG] [PID-4441] main.go main:43 Go Version: go1.11.1 
2019-06-29 12:55:21 [DEBUG] [PID-4441] main.go main:44 Go Arch: amd64 
2019-06-29 12:55:21 [DEBUG] [PID-4441] main.go main:45 Go Compiler: gc 
2019-06-29 12:55:21 [DEBUG] [PID-4441] main.go main:47 NumGoroutine: 8 
2019-06-29 12:57:32 [DEBUG] [PID-5220] main.go main:39 WikiServer-0.0.1 
2019-06-29 12:57:32 [DEBUG] [PID-5220] debug.go main:44 GOOS: linux 
2019-06-29 12:57:32 [DEBUG] [PID-5220] main.go main:41 CPUS: 4 
2019-06-29 12:57:32 [DEBUG] [PID-5220] main.go main:42 PID: 5220 
2019-06-29 12:57:32 [DEBUG] [PID-5220] main.go main:43 Go Version: go1.11.1 
2019-06-29 12:57:32 [DEBUG] [PID-5220] main.go main:44 Go Arch: amd64 
2019-06-29 12:57:32 [DEBUG] [PID-5220] main.go main:45 Go Compiler: gc 
2019-06-29 12:57:32 [DEBUG] [PID-5220] main.go main:47 NumGoroutine: 9 
2019-06-29 12:57:39 [INFO] [PID-5220] handlers.go saveAsset:174 pagepage/test**TEST** 
2019-06-29 12:58:55 [INFO] [PID-5220] handlers.go saveAsset:174 filefile/testtest 
2019-06-29 13:01:32 [DEBUG] [PID-6983] main.go main:39 WikiServer-0.0.1 
2019-06-29 13:01:32 [DEBUG] [PID-6983] debug.go main:44 GOOS: linux 
2019-06-29 13:01:32 [DEBUG] [PID-6983] main.go main:41 CPUS: 4 
2019-06-29 13:01:32 [DEBUG] [PID-6983] main.go main:42 PID: 6983 
2019-06-29 13:01:32 [DEBUG] [PID-6983] main.go main:43 Go Version: go1.11.1 
2019-06-29 13:01:32 [DEBUG] [PID-6983] main.go main:44 Go Arch: amd64 
2019-06-29 13:01:32 [DEBUG] [PID-6983] main.go main:45 Go Compiler: gc 
2019-06-29 13:01:32 [DEBUG] [PID-6983] main.go main:47 NumGoroutine: 8 
2019-06-29 13:01:35 [INFO] [PID-6983] handlers.go saveAsset:170 filefile/testtest 
2019-06-29 13:03:39 [DEBUG] [PID-8436] main.go main:39 WikiServer-0.0.1 
2019-06-29 13:03:39 [DEBUG] [PID-8436] debug.go main:44 GOOS: linux 
2019-06-29 13:03:39 [DEBUG] [PID-8436] main.go main:41 CPUS: 4 
2019-06-29 13:03:39 [DEBUG] [PID-8436] main.go main:42 PID: 8436 
2019-06-29 13:03:39 [DEBUG] [PID-8436] main.go main:43 Go Version: go1.11.1 
2019-06-29 13:03:39 [DEBUG] [PID-8436] main.go main:44 Go Arch: amd64 
2019-06-29 13:03:39 [DEBUG] [PID-8436] main.go main:45 Go Compiler: gc 
2019-06-29 13:03:39 [DEBUG] [PID-8436] main.go main:47 NumGoroutine: 9 
2019-06-29 13:06:47 [DEBUG] [PID-10009] main.go main:39 WikiServer-0.0.1 
2019-06-29 13:06:47 [DEBUG] [PID-10009] debug.go main:44 GOOS: linux 
2019-06-29 13:06:47 [DEBUG] [PID-10009] main.go main:41 CPUS: 4 
2019-06-29 13:06:47 [DEBUG] [PID-10009] main.go main:42 PID: 10009 
2019-06-29 13:06:47 [DEBUG] [PID-10009] main.go main:43 Go Version: go1.11.1 
2019-06-29 13:06:47 [DEBUG] [PID-10009] main.go main:44 Go Arch: amd64 
2019-06-29 13:06:47 [DEBUG] [PID-10009] main.go main:45 Go Compiler: gc 
2019-06-29 13:06:47 [DEBUG] [PID-10009] main.go main:47 NumGoroutine: 8 
2019-06-29 14:11:09 [DEBUG] [PID-13224] main.go main:39 WikiServer-0.0.1 
2019-06-29 14:11:09 [DEBUG] [PID-13224] debug.go main:44 GOOS: linux 
2019-06-29 14:11:09 [DEBUG] [PID-13224] main.go main:41 CPUS: 4 
2019-06-29 14:11:09 [DEBUG] [PID-13224] main.go main:42 PID: 13224 
2019-06-29 14:11:09 [DEBUG] [PID-13224] main.go main:43 Go Version: go1.11.1 
2019-06-29 14:11:09 [DEBUG] [PID-13224] main.go main:44 Go Arch: amd64 
2019-06-29 14:11:09 [DEBUG] [PID-13224] main.go main:45 Go Compiler: gc 
2019-06-29 14:11:09 [DEBUG] [PID-13224] main.go main:47 NumGoroutine: 9 
2019-06-29 14:14:54 [DEBUG] [PID-14757] main.go main:39 WikiServer-0.0.1 
2019-06-29 14:14:54 [DEBUG] [PID-14757] debug.go main:44 GOOS: linux 
2019-06-29 14:14:54 [DEBUG] [PID-14757] main.go main:41 CPUS: 4 
2019-06-29 14:14:54 [DEBUG] [PID-14757] main.go main:42 PID: 14757 
2019-06-29 14:14:54 [DEBUG] [PID-14757] main.go main:43 Go Version: go1.11.1 
2019-06-29 14:14:54 [DEBUG] [PID-14757] main.go main:44 Go Arch: amd64 
2019-06-29 14:14:54 [DEBUG] [PID-14757] main.go main:45 Go Compiler: gc 
2019-06-29 14:14:54 [DEBUG] [PID-14757] main.go main:47 NumGoroutine: 7 
2019-06-29 14:15:32 [DEBUG] [PID-14995] main.go main:39 WikiServer-0.0.1 
2019-06-29 14:15:32 [DEBUG] [PID-14995] debug.go main:44 GOOS: linux 
2019-06-29 14:15:32 [DEBUG] [PID-14995] main.go main:41 CPUS: 4 
2019-06-29 14:15:32 [DEBUG] [PID-14995] main.go main:42 PID: 14995 
2019-06-29 14:15:32 [DEBUG] [PID-14995] main.go main:43 Go Version: go1.11.1 
2019-06-29 14:15:32 [DEBUG] [PID-14995] main.go main:44 Go Arch: amd64 
2019-06-29 14:15:32 [DEBUG] [PID-14995] main.go main:45 Go Compiler: gc 
2019-06-29 14:15:32 [DEBUG] [PID-14995] main.go main:47 NumGoroutine: 8 
2019-06-29 14:19:08 [DEBUG] [PID-17802] main.go main:39 WikiServer-0.0.1 
2019-06-29 14:19:08 [DEBUG] [PID-17802] debug.go main:44 GOOS: linux 
2019-06-29 14:19:08 [DEBUG] [PID-17802] main.go main:41 CPUS: 4 
2019-06-29 14:19:08 [DEBUG] [PID-17802] main.go main:42 PID: 17802 
2019-06-29 14:19:08 [DEBUG] [PID-17802] main.go main:43 Go Version: go1.11.1 
2019-06-29 14:19:08 [DEBUG] [PID-17802] main.go main:44 Go Arch: amd64 
2019-06-29 14:19:08 [DEBUG] [PID-17802] main.go main:45 Go Compiler: gc 
2019-06-29 14:19:08 [DEBUG] [PID-17802] main.go main:47 NumGoroutine: 10 
2019-06-29 14:19:50 [DEBUG] [PID-18249] main.go main:39 WikiServer-0.0.1 
2019-06-29 14:19:50 [DEBUG] [PID-18249] debug.go main:44 GOOS: linux 
2019-06-29 14:19:50 [DEBUG] [PID-18249] main.go main:41 CPUS: 4 
2019-06-29 14:19:50 [DEBUG] [PID-18249] main.go main:42 PID: 18249 
2019-06-29 14:19:50 [DEBUG] [PID-18249] main.go main:43 Go Version: go1.11.1 
2019-06-29 14:19:50 [DEBUG] [PID-18249] main.go main:44 Go Arch: amd64 
2019-06-29 14:19:50 [DEBUG] [PID-18249] main.go main:45 Go Compiler: gc 
2019-06-29 14:19:50 [DEBUG] [PID-18249] main.go main:47 NumGoroutine: 9 
2019-06-29 14:21:30 [DEBUG] [PID-19962] main.go main:39 WikiServer-0.0.1 
2019-06-29 14:21:30 [DEBUG] [PID-19962] debug.go main:44 GOOS: linux 
2019-06-29 14:21:30 [DEBUG] [PID-19962] main.go main:41 CPUS: 4 
2019-06-29 14:21:30 [DEBUG] [PID-19962] main.go main:42 PID: 19962 
2019-06-29 14:21:30 [DEBUG] [PID-19962] main.go main:43 Go Version: go1.11.1 
2019-06-29 14:21:30 [DEBUG] [PID-19962] main.go main:44 Go Arch: amd64 
2019-06-29 14:21:30 [DEBUG] [PID-19962] main.go main:45 Go Compiler: gc 
2019-06-29 14:21:30 [DEBUG] [PID-19962] main.go main:47 NumGoroutine: 10 
2019-06-29 14:41:24 [DEBUG] [PID-32724] main.go main:39 WikiServer-0.0.1 
2019-06-29 14:41:24 [DEBUG] [PID-32724] debug.go main:44 GOOS: linux 
2019-06-29 14:41:24 [DEBUG] [PID-32724] main.go main:41 CPUS: 4 
2019-06-29 14:41:24 [DEBUG] [PID-32724] main.go main:42 PID: 32724 
2019-06-29 14:41:24 [DEBUG] [PID-32724] main.go main:43 Go Version: go1.11.1 
2019-06-29 14:41:24 [DEBUG] [PID-32724] main.go main:44 Go Arch: amd64 
2019-06-29 14:41:24 [DEBUG] [PID-32724] main.go main:45 Go Compiler: gc 
2019-06-29 14:41:24 [DEBUG] [PID-32724] main.go main:47 NumGoroutine: 10 
2019-06-29 14:41:30 [ERROR] [PID-32724] handlers.go apiResponse:69 Not Found 
2019-06-29 14:41:55 [ERROR] [PID-32724] handlers.go apiResponse:69 Not Found 
2019-06-29 14:42:00 [ERROR] [PID-32724] handlers.go apiResponse:69 Not Found 
2019-06-29 14:42:01 [ERROR] [PID-32724] handlers.go apiResponse:69 Not Found 
2019-06-29 14:42:01 [ERROR] [PID-32724] handlers.go apiResponse:69 Not Found 
2019-06-29 14:45:20 [ERROR] [PID-32724] handlers.go apiResponse:69 Not Found 
2019-06-30 12:29:03 [DEBUG] [PID-25118] main.go main:39 WikiServer-0.0.1 
2019-06-30 12:29:03 [DEBUG] [PID-25118] debug.go main:44 GOOS: linux 
2019-06-30 12:29:03 [DEBUG] [PID-25118] main.go main:41 CPUS: 4 
2019-06-30 12:29:03 [DEBUG] [PID-25118] main.go main:42 PID: 25118 
2019-06-30 12:29:03 [DEBUG] [PID-25118] main.go main:43 Go Version: go1.11.1 
2019-06-30 12:29:03 [DEBUG] [PID-25118] main.go main:44 Go Arch: amd64 
2019-06-30 12:29:03 [DEBUG] [PID-25118] main.go main:45 Go Compiler: gc 
2019-06-30 12:29:03 [DEBUG] [PID-25118] main.go main:47 NumGoroutine: 10 
2019-06-30 12:45:53 [DEBUG] [PID-31333] main.go main:39 WikiServer-0.0.1 
2019-06-30 12:45:53 [DEBUG] [PID-31333] debug.go main:44 GOOS: linux 
2019-06-30 12:45:53 [DEBUG] [PID-31333] main.go main:41 CPUS: 4 
2019-06-30 12:45:53 [DEBUG] [PID-31333] main.go main:42 PID: 31333 
2019-06-30 12:45:53 [DEBUG] [PID-31333] main.go main:43 Go Version: go1.11.1 
2019-06-30 12:45:53 [DEBUG] [PID-31333] main.go main:44 Go Arch: amd64 
2019-06-30 12:45:53 [DEBUG] [PID-31333] main.go main:45 Go Compiler: gc 
2019-06-30 12:45:53 [DEBUG] [PID-31333] main.go main:47 NumGoroutine: 8 
2019-06-30 12:46:02 [ERROR] [PID-31333] handlers.go apiResponse:78 Not Found 
2019-06-30 12:46:56 [DEBUG] [PID-31651] main.go main:39 WikiServer-0.0.1 
2019-06-30 12:46:56 [DEBUG] [PID-31651] debug.go main:44 GOOS: linux 
2019-06-30 12:46:56 [DEBUG] [PID-31651] main.go main:41 CPUS: 4 
2019-06-30 12:46:56 [DEBUG] [PID-31651] main.go main:42 PID: 31651 
2019-06-30 12:46:56 [DEBUG] [PID-31651] main.go main:43 Go Version: go1.11.1 
2019-06-30 12:46:56 [DEBUG] [PID-31651] main.go main:44 Go Arch: amd64 
2019-06-30 12:46:56 [DEBUG] [PID-31651] main.go main:45 Go Compiler: gc 
2019-06-30 12:46:56 [DEBUG] [PID-31651] main.go main:47 NumGoroutine: 7 
2019-06-30 12:46:58 [ERROR] [PID-31651] handlers.go apiResponse:78 Not Found 
2019-06-30 12:47:12 [ERROR] [PID-31651] handlers.go apiResponse:78 near "assets": syntax error 
2019-06-30 12:47:30 [DEBUG] [PID-31999] main.go main:39 WikiServer-0.0.1 
2019-06-30 12:47:30 [DEBUG] [PID-31999] debug.go main:44 GOOS: linux 
2019-06-30 12:47:30 [DEBUG] [PID-31999] main.go main:41 CPUS: 4 
2019-06-30 12:47:30 [DEBUG] [PID-31999] main.go main:42 PID: 31999 
2019-06-30 12:47:30 [DEBUG] [PID-31999] main.go main:43 Go Version: go1.11.1 
2019-06-30 12:47:30 [DEBUG] [PID-31999] main.go main:44 Go Arch: amd64 
2019-06-30 12:47:30 [DEBUG] [PID-31999] main.go main:45 Go Compiler: gc 
2019-06-30 12:47:30 [DEBUG] [PID-31999] main.go main:47 NumGoroutine: 10 
2019-06-30 12:47:36 [ERROR] [PID-31999] handlers.go editAssetHandler:125 sql: no rows in result set 
2019-06-30 12:47:54 [ERROR] [PID-31999] handlers.go editAssetHandler:125 sql: no rows in result set 
2019-06-30 12:55:46 [DEBUG] [PID-5523] main.go main:39 WikiServer-0.0.1 
2019-06-30 12:55:46 [DEBUG] [PID-5523] debug.go main:44 GOOS: linux 
2019-06-30 12:55:46 [DEBUG] [PID-5523] main.go main:41 CPUS: 4 
2019-06-30 12:55:46 [DEBUG] [PID-5523] main.go main:42 PID: 5523 
2019-06-30 12:55:46 [DEBUG] [PID-5523] main.go main:43 Go Version: go1.11.1 
2019-06-30 12:55:46 [DEBUG] [PID-5523] main.go main:44 Go Arch: amd64 
2019-06-30 12:55:46 [DEBUG] [PID-5523] main.go main:45 Go Compiler: gc 
2019-06-30 12:55:46 [DEBUG] [PID-5523] main.go main:47 NumGoroutine: 8 
2019-06-30 12:55:52 [ERROR] [PID-5523] handlers.go editAssetHandler:125 sql: no rows in result set 
2019-06-30 12:56:13 [ERROR] [PID-5523] handlers.go editAssetHandler:125 sql: no rows in result set 
2019-06-30 12:59:21 [DEBUG] [PID-7305] main.go main:39 WikiServer-0.0.1 
2019-06-30 12:59:21 [DEBUG] [PID-7305] debug.go main:44 GOOS: linux 
2019-06-30 12:59:21 [DEBUG] [PID-7305] main.go main:41 CPUS: 4 
2019-06-30 12:59:21 [DEBUG] [PID-7305] main.go main:42 PID: 7305 
2019-06-30 12:59:21 [DEBUG] [PID-7305] main.go main:43 Go Version: go1.11.1 
2019-06-30 12:59:21 [DEBUG] [PID-7305] main.go main:44 Go Arch: amd64 
2019-06-30 12:59:21 [DEBUG] [PID-7305] main.go main:45 Go Compiler: gc 
2019-06-30 12:59:21 [DEBUG] [PID-7305] main.go main:47 NumGoroutine: 7 
2019-06-30 13:05:22 [DEBUG] [PID-11461] main.go main:39 WikiServer-0.0.1 
2019-06-30 13:05:22 [DEBUG] [PID-11461] debug.go main:44 GOOS: linux 
2019-06-30 13:05:22 [DEBUG] [PID-11461] main.go main:41 CPUS: 4 
2019-06-30 13:05:22 [DEBUG] [PID-11461] main.go main:42 PID: 11461 
2019-06-30 13:05:22 [DEBUG] [PID-11461] main.go main:43 Go Version: go1.11.1 
2019-06-30 13:05:22 [DEBUG] [PID-11461] main.go main:44 Go Arch: amd64 
2019-06-30 13:05:22 [DEBUG] [PID-11461] main.go main:45 Go Compiler: gc 
2019-06-30 13:05:22 [DEBUG] [PID-11461] main.go main:47 NumGoroutine: 8 
2019-06-30 13:05:26 [ERROR] [PID-11461] handlers.go editAssetHandler:125 sql: no rows in result set 
2019-06-30 13:08:03 [DEBUG] [PID-13325] main.go main:39 WikiServer-0.0.1 
2019-06-30 13:08:03 [DEBUG] [PID-13325] debug.go main:44 GOOS: linux 
2019-06-30 13:08:03 [DEBUG] [PID-13325] main.go main:41 CPUS: 4 
2019-06-30 13:08:03 [DEBUG] [PID-13325] main.go main:42 PID: 13325 
2019-06-30 13:08:03 [DEBUG] [PID-13325] main.go main:43 Go Version: go1.11.1 
2019-06-30 13:08:03 [DEBUG] [PID-13325] main.go main:44 Go Arch: amd64 
2019-06-30 13:08:03 [DEBUG] [PID-13325] main.go main:45 Go Compiler: gc 
2019-06-30 13:08:03 [DEBUG] [PID-13325] main.go main:47 NumGoroutine: 8 
2019-06-30 13:11:28 [DEBUG] [PID-15436] main.go main:39 WikiServer-0.0.1 
2019-06-30 13:11:28 [DEBUG] [PID-15436] debug.go main:44 GOOS: linux 
2019-06-30 13:11:28 [DEBUG] [PID-15436] main.go main:41 CPUS: 4 
2019-06-30 13:11:28 [DEBUG] [PID-15436] main.go main:42 PID: 15436 
2019-06-30 13:11:28 [DEBUG] [PID-15436] main.go main:43 Go Version: go1.11.1 
2019-06-30 13:11:28 [DEBUG] [PID-15436] main.go main:44 Go Arch: amd64 
2019-06-30 13:11:28 [DEBUG] [PID-15436] main.go main:45 Go Compiler: gc 
2019-06-30 13:11:28 [DEBUG] [PID-15436] main.go main:47 NumGoroutine: 10 
2019-06-30 13:11:55 [DEBUG] [PID-16031] main.go main:39 WikiServer-0.0.1 
2019-06-30 13:11:55 [DEBUG] [PID-16031] debug.go main:44 GOOS: linux 
2019-06-30 13:11:55 [DEBUG] [PID-16031] main.go main:41 CPUS: 4 
2019-06-30 13:11:55 [DEBUG] [PID-16031] main.go main:42 PID: 16031 
2019-06-30 13:11:55 [DEBUG] [PID-16031] main.go main:43 Go Version: go1.11.1 
2019-06-30 13:11:55 [DEBUG] [PID-16031] main.go main:44 Go Arch: amd64 
2019-06-30 13:11:55 [DEBUG] [PID-16031] main.go main:45 Go Compiler: gc 
2019-06-30 13:11:55 [DEBUG] [PID-16031] main.go main:47 NumGoroutine: 8 
2019-06-30 13:12:04 [DEBUG] [PID-16258] main.go main:39 WikiServer-0.0.1 
2019-06-30 13:12:04 [DEBUG] [PID-16258] debug.go main:44 GOOS: linux 
2019-06-30 13:12:04 [DEBUG] [PID-16258] main.go main:41 CPUS: 4 
2019-06-30 13:12:04 [DEBUG] [PID-16258] main.go main:42 PID: 16258 
2019-06-30 13:12:04 [DEBUG] [PID-16258] main.go main:43 Go Version: go1.11.1 
2019-06-30 13:12:04 [DEBUG] [PID-16258] main.go main:44 Go Arch: amd64 
2019-06-30 13:12:04 [DEBUG] [PID-16258] main.go main:45 Go Compiler: gc 
2019-06-30 13:12:04 [DEBUG] [PID-16258] main.go main:47 NumGoroutine: 8 
2019-06-30 13:13:44 [DEBUG] [PID-17239] main.go main:39 WikiServer-0.0.1 
2019-06-30 13:13:44 [DEBUG] [PID-17239] debug.go main:44 GOOS: linux 
2019-06-30 13:13:44 [DEBUG] [PID-17239] main.go main:41 CPUS: 4 
2019-06-30 13:13:44 [DEBUG] [PID-17239] main.go main:42 PID: 17239 
2019-06-30 13:13:44 [DEBUG] [PID-17239] main.go main:43 Go Version: go1.11.1 
2019-06-30 13:13:44 [DEBUG] [PID-17239] main.go main:44 Go Arch: amd64 
2019-06-30 13:13:44 [DEBUG] [PID-17239] main.go main:45 Go Compiler: gc 
2019-06-30 13:13:44 [DEBUG] [PID-17239] main.go main:47 NumGoroutine: 10 
2019-06-30 13:14:00 [ERROR] [PID-17239] handlers.go editAssetHandler:125 sql: no rows in result set 
2019-06-30 13:32:30 [DEBUG] [PID-27598] main.go main:39 WikiServer-0.0.1 
2019-06-30 13:32:30 [DEBUG] [PID-27598] debug.go main:44 GOOS: linux 
2019-06-30 13:32:30 [DEBUG] [PID-27598] main.go main:41 CPUS: 4 
2019-06-30 13:32:30 [DEBUG] [PID-27598] main.go main:42 PID: 27598 
2019-06-30 13:32:30 [DEBUG] [PID-27598] main.go main:43 Go Version: go1.11.1 
2019-06-30 13:32:30 [DEBUG] [PID-27598] main.go main:44 Go Arch: amd64 
2019-06-30 13:32:30 [DEBUG] [PID-27598] main.go main:45 Go Compiler: gc 
2019-06-30 13:32:30 [DEBUG] [PID-27598] main.go main:47 NumGoroutine: 7 
2019-06-30 13:32:45 [DEBUG] [PID-27812] main.go main:39 WikiServer-0.0.1 
2019-06-30 13:32:45 [DEBUG] [PID-27812] debug.go main:44 GOOS: linux 
2019-06-30 13:32:45 [DEBUG] [PID-27812] main.go main:41 CPUS: 4 
2019-06-30 13:32:45 [DEBUG] [PID-27812] main.go main:42 PID: 27812 
2019-06-30 13:32:45 [DEBUG] [PID-27812] main.go main:43 Go Version: go1.11.1 
2019-06-30 13:32:45 [DEBUG] [PID-27812] main.go main:44 Go Arch: amd64 
2019-06-30 13:32:45 [DEBUG] [PID-27812] main.go main:45 Go Compiler: gc 
2019-06-30 13:32:45 [DEBUG] [PID-27812] main.go main:47 NumGoroutine: 10 
2019-06-30 13:33:08 [DEBUG] [PID-28122] main.go main:39 WikiServer-0.0.1 
2019-06-30 13:33:08 [DEBUG] [PID-28122] debug.go main:44 GOOS: linux 
2019-06-30 13:33:08 [DEBUG] [PID-28122] main.go main:41 CPUS: 4 
2019-06-30 13:33:08 [DEBUG] [PID-28122] main.go main:42 PID: 28122 
2019-06-30 13:33:08 [DEBUG] [PID-28122] main.go main:43 Go Version: go1.11.1 
2019-06-30 13:33:08 [DEBUG] [PID-28122] main.go main:44 Go Arch: amd64 
2019-06-30 13:33:08 [DEBUG] [PID-28122] main.go main:45 Go Compiler: gc 
2019-06-30 13:33:08 [DEBUG] [PID-28122] main.go main:47 NumGoroutine: 7 
2019-06-30 13:34:24 [DEBUG] [PID-29193] main.go main:39 WikiServer-0.0.1 
2019-06-30 13:34:24 [DEBUG] [PID-29193] debug.go main:44 GOOS: linux 
2019-06-30 13:34:24 [DEBUG] [PID-29193] main.go main:41 CPUS: 4 
2019-06-30 13:34:24 [DEBUG] [PID-29193] main.go main:42 PID: 29193 
2019-06-30 13:34:24 [DEBUG] [PID-29193] main.go main:43 Go Version: go1.11.1 
2019-06-30 13:34:24 [DEBUG] [PID-29193] main.go main:44 Go Arch: amd64 
2019-06-30 13:34:24 [DEBUG] [PID-29193] main.go main:45 Go Compiler: gc 
2019-06-30 13:34:24 [DEBUG] [PID-29193] main.go main:47 NumGoroutine: 7 
2019-06-30 13:35:14 [DEBUG] [PID-30158] main.go main:39 WikiServer-0.0.1 
2019-06-30 13:35:14 [DEBUG] [PID-30158] debug.go main:44 GOOS: linux 
2019-06-30 13:35:14 [DEBUG] [PID-30158] main.go main:41 CPUS: 4 
2019-06-30 13:35:14 [DEBUG] [PID-30158] main.go main:42 PID: 30158 
2019-06-30 13:35:14 [DEBUG] [PID-30158] main.go main:43 Go Version: go1.11.1 
2019-06-30 13:35:14 [DEBUG] [PID-30158] main.go main:44 Go Arch: amd64 
2019-06-30 13:35:14 [DEBUG] [PID-30158] main.go main:45 Go Compiler: gc 
2019-06-30 13:35:14 [DEBUG] [PID-30158] main.go main:47 NumGoroutine: 10 
2019-06-30 13:41:25 [DEBUG] [PID-2571] main.go main:39 WikiServer-0.0.1 
2019-06-30 13:41:25 [DEBUG] [PID-2571] debug.go main:44 GOOS: linux 
2019-06-30 13:41:25 [DEBUG] [PID-2571] main.go main:41 CPUS: 4 
2019-06-30 13:41:25 [DEBUG] [PID-2571] main.go main:42 PID: 2571 
2019-06-30 13:41:25 [DEBUG] [PID-2571] main.go main:43 Go Version: go1.11.1 
2019-06-30 13:41:25 [DEBUG] [PID-2571] main.go main:44 Go Arch: amd64 
2019-06-30 13:41:25 [DEBUG] [PID-2571] main.go main:45 Go Compiler: gc 
2019-06-30 13:41:25 [DEBUG] [PID-2571] main.go main:47 NumGoroutine: 10 
2019-06-30 13:46:34 [DEBUG] [PID-6937] main.go main:39 WikiServer-0.0.1 
2019-06-30 13:46:34 [DEBUG] [PID-6937] debug.go main:44 GOOS: linux 
2019-06-30 13:46:34 [DEBUG] [PID-6937] main.go main:41 CPUS: 4 
2019-06-30 13:46:34 [DEBUG] [PID-6937] main.go main:42 PID: 6937 
2019-06-30 13:46:34 [DEBUG] [PID-6937] main.go main:43 Go Version: go1.11.1 
2019-06-30 13:46:34 [DEBUG] [PID-6937] main.go main:44 Go Arch: amd64 
2019-06-30 13:46:34 [DEBUG] [PID-6937] main.go main:45 Go Compiler: gc 
2019-06-30 13:46:34 [DEBUG] [PID-6937] main.go main:47 NumGoroutine: 8 
2019-06-30 14:02:25 [DEBUG] [PID-14769] main.go main:39 WikiServer-0.0.1 
2019-06-30 14:02:25 [DEBUG] [PID-14769] debug.go main:44 GOOS: linux 
2019-06-30 14:02:25 [DEBUG] [PID-14769] main.go main:41 CPUS: 4 
2019-06-30 14:02:25 [DEBUG] [PID-14769] main.go main:42 PID: 14769 
2019-06-30 14:02:25 [DEBUG] [PID-14769] main.go main:43 Go Version: go1.11.1 
2019-06-30 14:02:25 [DEBUG] [PID-14769] main.go main:44 Go Arch: amd64 
2019-06-30 14:02:25 [DEBUG] [PID-14769] main.go main:45 Go Compiler: gc 
2019-06-30 14:02:25 [DEBUG] [PID-14769] main.go main:47 NumGoroutine: 10 
2019-06-30 14:04:51 [DEBUG] [PID-15994] main.go main:39 WikiServer-0.0.1 
2019-06-30 14:04:51 [DEBUG] [PID-15994] debug.go main:44 GOOS: linux 
2019-06-30 14:04:51 [DEBUG] [PID-15994] main.go main:41 CPUS: 4 
2019-06-30 14:04:51 [DEBUG] [PID-15994] main.go main:42 PID: 15994 
2019-06-30 14:04:51 [DEBUG] [PID-15994] main.go main:43 Go Version: go1.11.1 
2019-06-30 14:04:51 [DEBUG] [PID-15994] main.go main:44 Go Arch: amd64 
2019-06-30 14:04:51 [DEBUG] [PID-15994] main.go main:45 Go Compiler: gc 
2019-06-30 14:04:51 [DEBUG] [PID-15994] main.go main:47 NumGoroutine: 8 
2019-06-30 14:06:05 [DEBUG] [PID-16685] main.go main:39 WikiServer-0.0.1 
2019-06-30 14:06:05 [DEBUG] [PID-16685] debug.go main:44 GOOS: linux 
2019-06-30 14:06:05 [DEBUG] [PID-16685] main.go main:41 CPUS: 4 
2019-06-30 14:06:05 [DEBUG] [PID-16685] main.go main:42 PID: 16685 
2019-06-30 14:06:05 [DEBUG] [PID-16685] main.go main:43 Go Version: go1.11.1 
2019-06-30 14:06:05 [DEBUG] [PID-16685] main.go main:44 Go Arch: amd64 
2019-06-30 14:06:05 [DEBUG] [PID-16685] main.go main:45 Go Compiler: gc 
2019-06-30 14:06:05 [DEBUG] [PID-16685] main.go main:47 NumGoroutine: 7 
2019-06-30 14:06:28 [DEBUG] [PID-16981] main.go main:39 WikiServer-0.0.1 
2019-06-30 14:06:28 [DEBUG] [PID-16981] debug.go main:44 GOOS: linux 
2019-06-30 14:06:28 [DEBUG] [PID-16981] main.go main:41 CPUS: 4 
2019-06-30 14:06:28 [DEBUG] [PID-16981] main.go main:42 PID: 16981 
2019-06-30 14:06:28 [DEBUG] [PID-16981] main.go main:43 Go Version: go1.11.1 
2019-06-30 14:06:28 [DEBUG] [PID-16981] main.go main:44 Go Arch: amd64 
2019-06-30 14:06:28 [DEBUG] [PID-16981] main.go main:45 Go Compiler: gc 
2019-06-30 14:06:28 [DEBUG] [PID-16981] main.go main:47 NumGoroutine: 10 
2019-06-30 14:11:05 [DEBUG] [PID-19733] main.go main:39 WikiServer-0.0.1 
2019-06-30 14:11:05 [DEBUG] [PID-19733] debug.go main:44 GOOS: linux 
2019-06-30 14:11:05 [DEBUG] [PID-19733] main.go main:41 CPUS: 4 
2019-06-30 14:11:05 [DEBUG] [PID-19733] main.go main:42 PID: 19733 
2019-06-30 14:11:05 [DEBUG] [PID-19733] main.go main:43 Go Version: go1.11.1 
2019-06-30 14:11:05 [DEBUG] [PID-19733] main.go main:44 Go Arch: amd64 
2019-06-30 14:11:05 [DEBUG] [PID-19733] main.go main:45 Go Compiler: gc 
2019-06-30 14:11:05 [DEBUG] [PID-19733] main.go main:47 NumGoroutine: 10 
2019-06-30 14:14:24 [DEBUG] [PID-22507] main.go main:39 WikiServer-0.0.1 
2019-06-30 14:14:24 [DEBUG] [PID-22507] debug.go main:44 GOOS: linux 
2019-06-30 14:14:24 [DEBUG] [PID-22507] main.go main:41 CPUS: 4 
2019-06-30 14:14:24 [DEBUG] [PID-22507] main.go main:42 PID: 22507 
2019-06-30 14:14:24 [DEBUG] [PID-22507] main.go main:43 Go Version: go1.11.1 
2019-06-30 14:14:24 [DEBUG] [PID-22507] main.go main:44 Go Arch: amd64 
2019-06-30 14:14:24 [DEBUG] [PID-22507] main.go main:45 Go Compiler: gc 
2019-06-30 14:14:24 [DEBUG] [PID-22507] main.go main:47 NumGoroutine: 8 
2019-06-30 14:15:55 [DEBUG] [PID-23771] main.go main:39 WikiServer-0.0.1 
2019-06-30 14:15:55 [DEBUG] [PID-23771] debug.go main:44 GOOS: linux 
2019-06-30 14:15:55 [DEBUG] [PID-23771] main.go main:41 CPUS: 4 
2019-06-30 14:15:55 [DEBUG] [PID-23771] main.go main:42 PID: 23771 
2019-06-30 14:15:55 [DEBUG] [PID-23771] main.go main:43 Go Version: go1.11.1 
2019-06-30 14:15:55 [DEBUG] [PID-23771] main.go main:44 Go Arch: amd64 
2019-06-30 14:15:55 [DEBUG] [PID-23771] main.go main:45 Go Compiler: gc 
2019-06-30 14:15:55 [DEBUG] [PID-23771] main.go main:47 NumGoroutine: 10 
2019-06-30 14:17:40 [DEBUG] [PID-25306] main.go main:39 WikiServer-0.0.1 
2019-06-30 14:17:40 [DEBUG] [PID-25306] debug.go main:44 GOOS: linux 
2019-06-30 14:17:40 [DEBUG] [PID-25306] main.go main:41 CPUS: 4 
2019-06-30 14:17:40 [DEBUG] [PID-25306] main.go main:42 PID: 25306 
2019-06-30 14:17:40 [DEBUG] [PID-25306] main.go main:43 Go Version: go1.11.1 
2019-06-30 14:17:40 [DEBUG] [PID-25306] main.go main:44 Go Arch: amd64 
2019-06-30 14:17:40 [DEBUG] [PID-25306] main.go main:45 Go Compiler: gc 
2019-06-30 14:17:40 [DEBUG] [PID-25306] main.go main:47 NumGoroutine: 7 
2019-06-30 14:31:16 [DEBUG] [PID-30785] main.go main:39 WikiServer-0.0.1 
2019-06-30 14:31:16 [DEBUG] [PID-30785] debug.go main:44 GOOS: linux 
2019-06-30 14:31:16 [DEBUG] [PID-30785] main.go main:41 CPUS: 4 
2019-06-30 14:31:16 [DEBUG] [PID-30785] main.go main:42 PID: 30785 
2019-06-30 14:31:16 [DEBUG] [PID-30785] main.go main:43 Go Version: go1.11.1 
2019-06-30 14:31:16 [DEBUG] [PID-30785] main.go main:44 Go Arch: amd64 
2019-06-30 14:31:16 [DEBUG] [PID-30785] main.go main:45 Go Compiler: gc 
2019-06-30 14:31:16 [DEBUG] [PID-30785] main.go main:47 NumGoroutine: 9 
2019-07-01 11:47:11 [DEBUG] [PID-7165] main.go main:39 WikiServer-0.0.1 
2019-07-01 11:47:11 [DEBUG] [PID-7165] debug.go main:44 GOOS: linux 
2019-07-01 11:47:11 [DEBUG] [PID-7165] main.go main:41 CPUS: 4 
2019-07-01 11:47:11 [DEBUG] [PID-7165] main.go main:42 PID: 7165 
2019-07-01 11:47:11 [DEBUG] [PID-7165] main.go main:43 Go Version: go1.11.1 
2019-07-01 11:47:11 [DEBUG] [PID-7165] main.go main:44 Go Arch: amd64 
2019-07-01 11:47:11 [DEBUG] [PID-7165] main.go main:45 Go Compiler: gc 
2019-07-01 11:47:11 [DEBUG] [PID-7165] main.go main:47 NumGoroutine: 9 
2019-07-01 11:47:25 [ERROR] [PID-7165] handlers.go apiResponse:78 Not Found 
2019-07-01 17:01:27 [DEBUG] [PID-25925] main.go main:39 WikiServer-0.0.1 
2019-07-01 17:01:27 [DEBUG] [PID-25925] debug.go main:44 GOOS: linux 
2019-07-01 17:01:27 [DEBUG] [PID-25925] main.go main:41 CPUS: 4 
2019-07-01 17:01:27 [DEBUG] [PID-25925] main.go main:42 PID: 25925 
2019-07-01 17:01:27 [DEBUG] [PID-25925] main.go main:43 Go Version: go1.11.1 
2019-07-01 17:01:27 [DEBUG] [PID-25925] main.go main:44 Go Arch: amd64 
2019-07-01 17:01:27 [DEBUG] [PID-25925] main.go main:45 Go Compiler: gc 
2019-07-01 17:01:27 [DEBUG] [PID-25925] main.go main:47 NumGoroutine: 8 
2019-07-01 17:01:36 [DEBUG] [PID-26032] main.go main:39 WikiServer-0.0.1 
2019-07-01 17:01:36 [DEBUG] [PID-26032] debug.go main:44 GOOS: linux 
2019-07-01 17:01:36 [DEBUG] [PID-26032] main.go main:41 CPUS: 4 
2019-07-01 17:01:36 [DEBUG] [PID-26032] main.go main:42 PID: 26032 
2019-07-01 17:01:36 [DEBUG] [PID-26032] main.go main:43 Go Version: go1.11.1 
2019-07-01 17:01:36 [DEBUG] [PID-26032] main.go main:44 Go Arch: amd64 
2019-07-01 17:01:36 [DEBUG] [PID-26032] main.go main:45 Go Compiler: gc 
2019-07-01 17:01:36 [DEBUG] [PID-26032] main.go main:47 NumGoroutine: 9 
2019-07-01 17:02:05 [DEBUG] [PID-26240] main.go main:39 WikiServer-0.0.1 
2019-07-01 17:02:05 [DEBUG] [PID-26240] debug.go main:44 GOOS: linux 
2019-07-01 17:02:05 [DEBUG] [PID-26240] main.go main:41 CPUS: 4 
2019-07-01 17:02:05 [DEBUG] [PID-26240] main.go main:42 PID: 26240 
2019-07-01 17:02:05 [DEBUG] [PID-26240] main.go main:43 Go Version: go1.11.1 
2019-07-01 17:02:05 [DEBUG] [PID-26240] main.go main:44 Go Arch: amd64 
2019-07-01 17:02:05 [DEBUG] [PID-26240] main.go main:45 Go Compiler: gc 
2019-07-01 17:02:05 [DEBUG] [PID-26240] main.go main:47 NumGoroutine: 9 
2019-07-01 17:03:29 [DEBUG] [PID-26485] main.go main:39 WikiServer-0.0.1 
2019-07-01 17:03:29 [DEBUG] [PID-26485] debug.go main:44 GOOS: linux 
2019-07-01 17:03:29 [DEBUG] [PID-26485] main.go main:41 CPUS: 4 
2019-07-01 17:03:29 [DEBUG] [PID-26485] main.go main:42 PID: 26485 
2019-07-01 17:03:29 [DEBUG] [PID-26485] main.go main:43 Go Version: go1.11.1 
2019-07-01 17:03:29 [DEBUG] [PID-26485] main.go main:44 Go Arch: amd64 
2019-07-01 17:03:29 [DEBUG] [PID-26485] main.go main:45 Go Compiler: gc 
2019-07-01 17:03:29 [DEBUG] [PID-26485] main.go main:47 NumGoroutine: 11 
